<?xml version="1.0" encoding="UTF-8"?>
<testng-results ignored="0" total="4" passed="4" failed="0" skipped="0">
  <reporter-output>
  </reporter-output>
  <suite started-at="2026-06-11T21:27:25 IST" name="Default suite" finished-at="2026-06-11T21:28:09 IST" duration-ms="43523">
    <groups>
    </groups>
    <test started-at="2026-06-11T21:27:25 IST" name="Default test" finished-at="2026-06-11T21:28:09 IST" duration-ms="43523">
      <class name="BaseClass.BaseTest">
        <test-method is-config="true" signature="setup()[pri:0, instance:BaseClass.BaseTest@4b2bac3f]" started-at="2026-06-11T21:27:25 IST" name="setup" finished-at="2026-06-11T21:27:36 IST" duration-ms="11235" status="PASS">
          <reporter-output>
          </reporter-output>
        </test-method> <!-- setup -->
        <test-method signature="Login()[pri:1, instance:BaseClass.BaseTest@4b2bac3f]" started-at="2026-06-11T21:27:36 IST" name="Login" finished-at="2026-06-11T21:27:45 IST" duration-ms="8241" status="PASS">
          <reporter-output>
          </reporter-output>
        </test-method> <!-- Login -->
        <test-method signature="Search_Product()[pri:2, instance:BaseClass.BaseTest@4b2bac3f]" started-at="2026-06-11T21:27:45 IST" name="Search_Product" finished-at="2026-06-11T21:27:54 IST" duration-ms="9222" status="PASS">
          <reporter-output>
          </reporter-output>
        </test-method> <!-- Search_Product -->
        <test-method signature="Add_to_Cart()[pri:3, instance:BaseClass.BaseTest@4b2bac3f]" started-at="2026-06-11T21:27:54 IST" name="Add_to_Cart" finished-at="2026-06-11T21:27:57 IST" duration-ms="3115" status="PASS">
          <reporter-output>
          </reporter-output>
        </test-method> <!-- Add_to_Cart -->
        <test-method signature="logout()[pri:4, instance:BaseClass.BaseTest@4b2bac3f]" started-at="2026-06-11T21:27:57 IST" name="logout" finished-at="2026-06-11T21:28:08 IST" duration-ms="11306" status="PASS">
          <reporter-output>
          </reporter-output>
        </test-method> <!-- logout -->
        <test-method is-config="true" signature="close()[pri:0, instance:BaseClass.BaseTest@4b2bac3f]" started-at="2026-06-11T21:28:08 IST" name="close" finished-at="2026-06-11T21:28:09 IST" duration-ms="324" status="PASS">
          <reporter-output>
          </reporter-output>
        </test-method> <!-- close -->
      </class> <!-- BaseClass.BaseTest -->
    </test> <!-- Default test -->
  </suite> <!-- Default suite -->
</testng-results>
