<?xml version="1.0" encoding="UTF-8"?>
<!-- Generated by org.testng.reporters.JUnitReportReporter -->
<testsuite hostname="DESKTOP-Q1AIC31" failures="0" tests="4" name="BaseClass.BaseTest" time="31.884" errors="0" timestamp="2026-06-11T21:28:09 IST" skipped="0">
  <testcase classname="BaseClass.BaseTest" name="Login" time="8.241"/>
  <testcase classname="BaseClass.BaseTest" name="Search_Product" time="9.222"/>
  <testcase classname="BaseClass.BaseTest" name="Add_to_Cart" time="3.115"/>
  <testcase classname="BaseClass.BaseTest" name="logout" time="11.306"/>
</testsuite> <!-- BaseClass.BaseTest -->
